Arguments: 
  /home/tibordp/.nvm/versions/node/v16.0.0/bin/node /home/tibordp/.nvm/versions/node/v16.0.0/bin/yarn generate

PATH: 
  /home/tibordp/go/bin:/home/tibordp/tools:/home/tibordp/.pyenv/bin:/home/tibordp/.yarn/bin:/home/tibordp/.vscode-server-insiders/bin/ff1e16eebb93af79fd6d7af1356c4003a120c563/bin:/home/tibordp/.poetry/bin:/home/tibordp/.local/bin:/home/tibordp/go/bin:/home/tibordp/tools:/home/tibordp/.pyenv/bin:/home/tibordp/.yarn/bin:/home/tibordp/.cargo/bin:/home/tibordp/.nvm/versions/node/v16.0.0/bin:/usr/local/sbin:/usr/local/bin:/usr/sbin:/usr/bin:/sbin:/bin:/usr/games:/usr/local/games:/usr/lib/wsl/lib:/mnt/c/WINDOWS/system32:/mnt/c/WINDOWS:/mnt/c/WINDOWS/System32/Wbem:/mnt/c/WINDOWS/System32/WindowsPowerShell/v1.0/:/mnt/c/WINDOWS/System32/OpenSSH/:/mnt/c/Program Files/Microsoft VS Code Insiders/bin:/mnt/c/WINDOWS/system32:/mnt/c/WINDOWS:/mnt/c/WINDOWS/System32/Wbem:/mnt/c/WINDOWS/System32/WindowsPowerShell/v1.0/:/mnt/c/WINDOWS/System32/OpenSSH/:/mnt/c/Program Files/dotnet/:/mnt/c/Program Files/Microsoft SQL Server/130/Tools/Binn/:/mnt/c/Program Files/Microsoft SQL Server/Client SDK/ODBC/170/Tools/Binn/:/mnt/c/Program Files/WireGuard/:/mnt/c/Program Files/Go/bin:/mnt/c/Program Files/Google/Google Apps Sync/:/mnt/c/Program Files/Docker/Docker/resources/bin:/mnt/c/ProgramData/DockerDesktop/version-bin:/mnt/c/Program Files (x86)/NVIDIA Corporation/PhysX/Common:/mnt/c/Users/tibor/AppData/Local/Microsoft/WindowsApps:/mnt/c/Users/tibor/.dotnet/tools:/mnt/c/Users/tibor/AppData/Local/Programs/IPFS Desktop/resources/app.asar.unpacked/src/ipfs-on-path/scripts/bin-win:/mnt/c/Users/tibor/go/bin:/mnt/c/Users/tibor/AppData/Local/Microsoft/WindowsApps:/snap/bin:/usr/local/go/bin

Yarn version: 
  1.22.17

Node version: 
  16.0.0

Platform: 
  linux x64

Trace: 
  SyntaxError: /home/tibordp/src/alumina/tree-sitter-alumina/package.json: Unexpected token } in JSON at position 299
      at JSON.parse (<anonymous>)
      at /home/tibordp/.nvm/versions/node/v16.0.0/lib/node_modules/yarn/lib/cli.js:1625:59
      at Generator.next (<anonymous>)
      at step (/home/tibordp/.nvm/versions/node/v16.0.0/lib/node_modules/yarn/lib/cli.js:310:30)
      at /home/tibordp/.nvm/versions/node/v16.0.0/lib/node_modules/yarn/lib/cli.js:321:13

npm manifest: 
  {
    "name": "tree-sitter-alumina",
    "version": "1.0.0",
    "main": "index.js",
    "license": "MIT",
    "dependencies": {
      "nan": "^2.15.0"
    },
    "devDependencies": {
      "tree-sitter-cli": "^0.20.0"
    },
    "scripts": {
      "generate": "tree-sitter generate",
      "watch": "tree-sitter watch"
    },
  }

yarn manifest: 
  No manifest

Lockfile: 
  # THIS IS AN AUTOGENERATED FILE. DO NOT EDIT THIS FILE DIRECTLY.
  # yarn lockfile v1
  
  
  nan@^2.15.0:
    version "2.15.0"
    resolved "https://registry.yarnpkg.com/nan/-/nan-2.15.0.tgz#3f34a473ff18e15c1b5626b62903b5ad6e665fee"
    integrity sha512-8ZtvEnA2c5aYCZYd1cvgdnU6cqwixRoYg70xPLWUws5ORTa/lnw+u4amixRS/Ac5U5mQVgp9pnlSUnbNWFaWZQ==
  
  tree-sitter-cli@^0.20.0:
    version "0.20.0"
    resolved "https://registry.yarnpkg.com/tree-sitter-cli/-/tree-sitter-cli-0.20.0.tgz#feaaa11c7ecf44a6e236aa1e2963b85d045d33cc"
    integrity sha512-4D1qapWbJXZ5rrSUGM5rcw5Vuq/smzn9KbiFRhlON6KeuuXjra+KAtDYVrDgAoLIG4ku+jbEEGrJxCptUGi3dg==
